Reading log traces ...      [DONE]
Analysing resource pool 20.0%...      Analysing resource pool 40.0%...      Analysing resource pool 60.0%...      Analysing resource pool 80.0%...      Analysing resource pool 100.0%...      [DONE]
Model: "model"
__________________________________________________________________________________________________
 Layer (type)                Output Shape                 Param #   Connected to                  
==================================================================================================
 activity (InputLayer)       [(None, 1)]                  0         []                            
                                                                                                  
 role (InputLayer)           [(None, 1)]                  0         []                            
                                                                                                  
 activity_embedding (Embedd  (None, 1, 3)                 21        ['activity[0][0]']            
 ing)                                                                                             
                                                                                                  
 role_embedding (Embedding)  (None, 1, 3)                 9         ['role[0][0]']                
                                                                                                  
 dot_product (Dot)           (None, 1, 1)                 0         ['activity_embedding[0][0]',  
                                                                     'role_embedding[0][0]']      
                                                                                                  
 reshape (Reshape)           (None, 1)                    0         ['dot_product[0][0]']         
                                                                                                  
==================================================================================================
Total params: 30 (120.00 Byte)
Trainable params: 30 (120.00 Byte)
Non-trainable params: 0 (0.00 Byte)
__________________________________________________________________________________________________
/gpfs/space/home/muhamm93/caise23/lstm_caise23_concatenated/model_training/embedding_training.py:67: UserWarning: `Model.fit_generator` is deprecated and will be removed in a future version. Please use `Model.fit`, which supports generators.
  model.fit_generator(gen, epochs=100,
Epoch 1/100
9/9 - 1s - loss: 0.3426 - 626ms/epoch - 70ms/step
Epoch 2/100
9/9 - 0s - loss: 0.1720 - 105ms/epoch - 12ms/step
Epoch 3/100
9/9 - 0s - loss: 0.1035 - 108ms/epoch - 12ms/step
Epoch 4/100
9/9 - 0s - loss: 0.0533 - 105ms/epoch - 12ms/step
Epoch 5/100
9/9 - 0s - loss: 0.0203 - 110ms/epoch - 12ms/step
Epoch 6/100
9/9 - 0s - loss: 0.0053 - 107ms/epoch - 12ms/step
Epoch 7/100
9/9 - 0s - loss: 0.0041 - 110ms/epoch - 12ms/step
Epoch 8/100
9/9 - 0s - loss: 0.0038 - 110ms/epoch - 12ms/step
Epoch 9/100
9/9 - 0s - loss: 0.0024 - 106ms/epoch - 12ms/step
Epoch 10/100
9/9 - 0s - loss: 0.0026 - 111ms/epoch - 12ms/step
Epoch 11/100
9/9 - 0s - loss: 0.0023 - 112ms/epoch - 12ms/step
Epoch 12/100
9/9 - 0s - loss: 0.0016 - 104ms/epoch - 12ms/step
Epoch 13/100
9/9 - 0s - loss: 0.0029 - 110ms/epoch - 12ms/step
Epoch 14/100
9/9 - 0s - loss: 0.0017 - 108ms/epoch - 12ms/step
Epoch 15/100
9/9 - 0s - loss: 0.0021 - 110ms/epoch - 12ms/step
Epoch 16/100
9/9 - 0s - loss: 0.0020 - 109ms/epoch - 12ms/step
Epoch 17/100
9/9 - 0s - loss: 0.0019 - 110ms/epoch - 12ms/step
Epoch 18/100
9/9 - 0s - loss: 0.0015 - 109ms/epoch - 12ms/step
Epoch 19/100
9/9 - 0s - loss: 0.0020 - 108ms/epoch - 12ms/step
Epoch 20/100
9/9 - 0s - loss: 0.0017 - 109ms/epoch - 12ms/step
Epoch 21/100
9/9 - 0s - loss: 0.0013 - 105ms/epoch - 12ms/step
Epoch 22/100
9/9 - 0s - loss: 9.4187e-04 - 107ms/epoch - 12ms/step
Epoch 23/100
9/9 - 0s - loss: 0.0014 - 110ms/epoch - 12ms/step
Epoch 24/100
9/9 - 0s - loss: 0.0012 - 108ms/epoch - 12ms/step
Epoch 25/100
9/9 - 0s - loss: 0.0018 - 110ms/epoch - 12ms/step
Epoch 26/100
9/9 - 0s - loss: 0.0014 - 111ms/epoch - 12ms/step
Epoch 27/100
9/9 - 0s - loss: 0.0015 - 106ms/epoch - 12ms/step
Epoch 28/100
9/9 - 0s - loss: 0.0013 - 106ms/epoch - 12ms/step
Epoch 29/100
9/9 - 0s - loss: 0.0010 - 107ms/epoch - 12ms/step
Epoch 30/100
9/9 - 0s - loss: 0.0016 - 109ms/epoch - 12ms/step
Epoch 31/100
9/9 - 0s - loss: 0.0011 - 111ms/epoch - 12ms/step
Epoch 32/100
9/9 - 0s - loss: 8.7063e-04 - 109ms/epoch - 12ms/step
Epoch 33/100
9/9 - 0s - loss: 9.4854e-04 - 107ms/epoch - 12ms/step
Epoch 34/100
9/9 - 0s - loss: 0.0011 - 109ms/epoch - 12ms/step
Epoch 35/100
9/9 - 0s - loss: 8.2848e-04 - 109ms/epoch - 12ms/step
Epoch 36/100
9/9 - 0s - loss: 8.1586e-04 - 104ms/epoch - 12ms/step
Epoch 37/100
9/9 - 0s - loss: 8.3205e-04 - 105ms/epoch - 12ms/step
Epoch 38/100
9/9 - 0s - loss: 9.1142e-04 - 112ms/epoch - 12ms/step
Epoch 39/100
9/9 - 0s - loss: 6.9203e-04 - 111ms/epoch - 12ms/step
Epoch 40/100
9/9 - 0s - loss: 7.1607e-04 - 111ms/epoch - 12ms/step
Epoch 41/100
9/9 - 0s - loss: 5.9627e-04 - 111ms/epoch - 12ms/step
Epoch 42/100
9/9 - 0s - loss: 4.9247e-04 - 106ms/epoch - 12ms/step
Epoch 43/100
9/9 - 0s - loss: 0.0010 - 107ms/epoch - 12ms/step
Epoch 44/100
9/9 - 0s - loss: 7.4216e-04 - 107ms/epoch - 12ms/step
Epoch 45/100
9/9 - 0s - loss: 6.0031e-04 - 108ms/epoch - 12ms/step
Epoch 46/100
9/9 - 0s - loss: 6.8177e-04 - 109ms/epoch - 12ms/step
Epoch 47/100
9/9 - 0s - loss: 5.1309e-04 - 108ms/epoch - 12ms/step
Epoch 48/100
9/9 - 0s - loss: 4.0477e-04 - 106ms/epoch - 12ms/step
Epoch 49/100
9/9 - 0s - loss: 5.5402e-04 - 109ms/epoch - 12ms/step
Epoch 50/100
9/9 - 0s - loss: 6.0078e-04 - 109ms/epoch - 12ms/step
Epoch 51/100
9/9 - 0s - loss: 7.3167e-04 - 108ms/epoch - 12ms/step
Epoch 52/100
9/9 - 0s - loss: 5.9574e-04 - 105ms/epoch - 12ms/step
Epoch 53/100
9/9 - 0s - loss: 7.4524e-04 - 109ms/epoch - 12ms/step
Epoch 54/100
9/9 - 0s - loss: 6.3581e-04 - 111ms/epoch - 12ms/step
Epoch 55/100
9/9 - 0s - loss: 5.8841e-04 - 107ms/epoch - 12ms/step
Epoch 56/100
9/9 - 0s - loss: 5.5492e-04 - 111ms/epoch - 12ms/step
Epoch 57/100
9/9 - 0s - loss: 4.4738e-04 - 107ms/epoch - 12ms/step
Epoch 58/100
9/9 - 0s - loss: 3.3239e-04 - 104ms/epoch - 12ms/step
Epoch 59/100
9/9 - 0s - loss: 5.7726e-04 - 111ms/epoch - 12ms/step
Epoch 60/100
9/9 - 0s - loss: 4.4839e-04 - 106ms/epoch - 12ms/step
Epoch 61/100
9/9 - 0s - loss: 4.5151e-04 - 107ms/epoch - 12ms/step
Epoch 62/100
9/9 - 0s - loss: 3.2707e-04 - 108ms/epoch - 12ms/step
Epoch 63/100
9/9 - 0s - loss: 5.7240e-04 - 106ms/epoch - 12ms/step
Epoch 64/100
9/9 - 0s - loss: 3.7540e-04 - 106ms/epoch - 12ms/step
Epoch 65/100
9/9 - 0s - loss: 5.5171e-04 - 107ms/epoch - 12ms/step
Epoch 66/100
9/9 - 0s - loss: 4.5129e-04 - 107ms/epoch - 12ms/step
Epoch 67/100
9/9 - 0s - loss: 3.1172e-04 - 103ms/epoch - 11ms/step
Epoch 68/100
9/9 - 0s - loss: 2.8770e-04 - 108ms/epoch - 12ms/step
Epoch 69/100
9/9 - 0s - loss: 5.5031e-04 - 110ms/epoch - 12ms/step
Epoch 70/100
9/9 - 0s - loss: 3.7227e-04 - 105ms/epoch - 12ms/step
Epoch 71/100
9/9 - 0s - loss: 3.8860e-04 - 110ms/epoch - 12ms/step
Epoch 72/100
9/9 - 0s - loss: 3.0868e-04 - 111ms/epoch - 12ms/step
Epoch 73/100
9/9 - 0s - loss: 3.4103e-04 - 104ms/epoch - 12ms/step
Epoch 74/100
9/9 - 0s - loss: 3.4682e-04 - 109ms/epoch - 12ms/step
Epoch 75/100
9/9 - 0s - loss: 2.5781e-04 - 107ms/epoch - 12ms/step
Epoch 76/100
9/9 - 0s - loss: 4.3042e-04 - 108ms/epoch - 12ms/step
Epoch 77/100
9/9 - 0s - loss: 3.1671e-04 - 109ms/epoch - 12ms/step
Epoch 78/100
9/9 - 0s - loss: 4.1262e-04 - 109ms/epoch - 12ms/step
Epoch 79/100
9/9 - 0s - loss: 2.9882e-04 - 106ms/epoch - 12ms/step
Epoch 80/100
9/9 - 0s - loss: 2.9338e-04 - 109ms/epoch - 12ms/step
Epoch 81/100
9/9 - 0s - loss: 1.5130e-04 - 107ms/epoch - 12ms/step
Epoch 82/100
9/9 - 0s - loss: 2.4916e-04 - 108ms/epoch - 12ms/step
Epoch 83/100
9/9 - 0s - loss: 2.6752e-04 - 105ms/epoch - 12ms/step
Epoch 84/100
9/9 - 0s - loss: 2.2547e-04 - 110ms/epoch - 12ms/step
Epoch 85/100
9/9 - 0s - loss: 1.7764e-04 - 112ms/epoch - 12ms/step
Epoch 86/100
9/9 - 0s - loss: 2.8326e-04 - 108ms/epoch - 12ms/step
Epoch 87/100
9/9 - 0s - loss: 2.6818e-04 - 113ms/epoch - 13ms/step
Epoch 88/100
9/9 - 0s - loss: 2.9315e-04 - 111ms/epoch - 12ms/step
Epoch 89/100
9/9 - 0s - loss: 1.1316e-04 - 105ms/epoch - 12ms/step
Epoch 90/100
9/9 - 0s - loss: 2.1176e-04 - 109ms/epoch - 12ms/step
Epoch 91/100
9/9 - 0s - loss: 2.8858e-04 - 109ms/epoch - 12ms/step
Epoch 92/100
9/9 - 0s - loss: 2.8287e-04 - 107ms/epoch - 12ms/step
Epoch 93/100
9/9 - 0s - loss: 2.3571e-04 - 109ms/epoch - 12ms/step
Epoch 94/100
9/9 - 0s - loss: 3.0481e-04 - 107ms/epoch - 12ms/step
Epoch 95/100
9/9 - 0s - loss: 2.0463e-04 - 109ms/epoch - 12ms/step
Epoch 96/100
9/9 - 0s - loss: 2.7591e-04 - 105ms/epoch - 12ms/step
Epoch 97/100
9/9 - 0s - loss: 1.8120e-04 - 107ms/epoch - 12ms/step
Epoch 98/100
9/9 - 0s - loss: 3.5020e-04 - 105ms/epoch - 12ms/step
Epoch 99/100
9/9 - 0s - loss: 3.5360e-04 - 110ms/epoch - 12ms/step
Epoch 100/100
9/9 - 0s - loss: 2.7159e-04 - 111ms/epoch - 12ms/step
