Reading log traces ...      [DONE]
Analysing resource pool 20.0%...      Analysing resource pool 40.0%...      Analysing resource pool 60.0%...      Analysing resource pool 80.0%...      Analysing resource pool 100.0%...      [DONE]
Model: "model"
__________________________________________________________________________________________________
 Layer (type)                Output Shape                 Param #   Connected to                  
==================================================================================================
 activity (InputLayer)       [(None, 1)]                  0         []                            
                                                                                                  
 role (InputLayer)           [(None, 1)]                  0         []                            
                                                                                                  
 activity_embedding (Embedd  (None, 1, 4)                 144       ['activity[0][0]']            
 ing)                                                                                             
                                                                                                  
 role_embedding (Embedding)  (None, 1, 4)                 16        ['role[0][0]']                
                                                                                                  
 dot_product (Dot)           (None, 1, 1)                 0         ['activity_embedding[0][0]',  
                                                                     'role_embedding[0][0]']      
                                                                                                  
 reshape (Reshape)           (None, 1)                    0         ['dot_product[0][0]']         
                                                                                                  
==================================================================================================
Total params: 160 (640.00 Byte)
Trainable params: 160 (640.00 Byte)
Non-trainable params: 0 (0.00 Byte)
__________________________________________________________________________________________________
/gpfs/space/home/muhamm93/caise23/lstm_caise23_concatenated/model_training/embedding_training.py:67: UserWarning: `Model.fit_generator` is deprecated and will be removed in a future version. Please use `Model.fit`, which supports generators.
  model.fit_generator(gen, epochs=100,
Epoch 1/100
70/70 - 1s - loss: 0.2231 - 1s/epoch - 19ms/step
Epoch 2/100
70/70 - 1s - loss: 0.0168 - 832ms/epoch - 12ms/step
Epoch 3/100
70/70 - 1s - loss: 0.0032 - 834ms/epoch - 12ms/step
Epoch 4/100
70/70 - 1s - loss: 8.8388e-04 - 832ms/epoch - 12ms/step
Epoch 5/100
70/70 - 1s - loss: 4.2138e-04 - 836ms/epoch - 12ms/step
Epoch 6/100
70/70 - 1s - loss: 2.8545e-04 - 832ms/epoch - 12ms/step
Epoch 7/100
70/70 - 1s - loss: 1.8915e-04 - 839ms/epoch - 12ms/step
Epoch 8/100
70/70 - 1s - loss: 1.1835e-04 - 833ms/epoch - 12ms/step
Epoch 9/100
70/70 - 1s - loss: 7.8090e-05 - 836ms/epoch - 12ms/step
Epoch 10/100
70/70 - 1s - loss: 7.1005e-05 - 824ms/epoch - 12ms/step
Epoch 11/100
70/70 - 1s - loss: 4.5126e-05 - 830ms/epoch - 12ms/step
Epoch 12/100
70/70 - 1s - loss: 5.3333e-05 - 843ms/epoch - 12ms/step
Epoch 13/100
70/70 - 1s - loss: 4.3121e-05 - 834ms/epoch - 12ms/step
Epoch 14/100
70/70 - 1s - loss: 3.0445e-05 - 833ms/epoch - 12ms/step
Epoch 15/100
70/70 - 1s - loss: 2.4608e-05 - 827ms/epoch - 12ms/step
Epoch 16/100
70/70 - 1s - loss: 1.8669e-05 - 817ms/epoch - 12ms/step
Epoch 17/100
70/70 - 1s - loss: 2.9586e-05 - 821ms/epoch - 12ms/step
Epoch 18/100
70/70 - 1s - loss: 8.4092e-06 - 819ms/epoch - 12ms/step
Epoch 19/100
70/70 - 1s - loss: 1.7361e-05 - 820ms/epoch - 12ms/step
Epoch 20/100
70/70 - 1s - loss: 1.7362e-05 - 817ms/epoch - 12ms/step
Epoch 21/100
70/70 - 1s - loss: 1.1249e-05 - 827ms/epoch - 12ms/step
Epoch 22/100
70/70 - 1s - loss: 5.1855e-06 - 846ms/epoch - 12ms/step
Epoch 23/100
70/70 - 1s - loss: 1.7989e-05 - 847ms/epoch - 12ms/step
Epoch 24/100
70/70 - 1s - loss: 1.8943e-05 - 847ms/epoch - 12ms/step
Epoch 25/100
70/70 - 1s - loss: 1.0357e-05 - 842ms/epoch - 12ms/step
Epoch 26/100
70/70 - 1s - loss: 1.5785e-05 - 837ms/epoch - 12ms/step
Epoch 27/100
70/70 - 1s - loss: 1.0554e-05 - 842ms/epoch - 12ms/step
Epoch 28/100
70/70 - 1s - loss: 1.7199e-05 - 859ms/epoch - 12ms/step
Epoch 29/100
70/70 - 1s - loss: 1.0179e-05 - 860ms/epoch - 12ms/step
Epoch 30/100
70/70 - 1s - loss: 4.9987e-06 - 890ms/epoch - 13ms/step
Epoch 31/100
70/70 - 1s - loss: 6.7970e-06 - 881ms/epoch - 13ms/step
Epoch 32/100
70/70 - 1s - loss: 1.0893e-05 - 872ms/epoch - 12ms/step
Epoch 33/100
70/70 - 1s - loss: 4.3658e-06 - 868ms/epoch - 12ms/step
Epoch 34/100
70/70 - 1s - loss: 4.4468e-06 - 868ms/epoch - 12ms/step
Epoch 35/100
70/70 - 1s - loss: 8.3552e-06 - 887ms/epoch - 13ms/step
Epoch 36/100
70/70 - 1s - loss: 2.4945e-06 - 863ms/epoch - 12ms/step
Epoch 37/100
70/70 - 1s - loss: 6.6684e-06 - 871ms/epoch - 12ms/step
Epoch 38/100
70/70 - 1s - loss: 3.8120e-06 - 876ms/epoch - 13ms/step
Epoch 39/100
70/70 - 1s - loss: 3.5290e-06 - 875ms/epoch - 12ms/step
Epoch 40/100
70/70 - 1s - loss: 5.1367e-06 - 878ms/epoch - 13ms/step
Epoch 41/100
70/70 - 1s - loss: 2.4026e-06 - 869ms/epoch - 12ms/step
Epoch 42/100
70/70 - 1s - loss: 2.5804e-06 - 863ms/epoch - 12ms/step
Epoch 43/100
70/70 - 1s - loss: 5.0736e-06 - 874ms/epoch - 12ms/step
Epoch 44/100
70/70 - 1s - loss: 4.8152e-06 - 866ms/epoch - 12ms/step
Epoch 45/100
70/70 - 1s - loss: 2.0198e-06 - 872ms/epoch - 12ms/step
Epoch 46/100
70/70 - 1s - loss: 3.6985e-06 - 860ms/epoch - 12ms/step
Epoch 47/100
70/70 - 1s - loss: 1.9743e-06 - 868ms/epoch - 12ms/step
Epoch 48/100
70/70 - 1s - loss: 2.7577e-06 - 865ms/epoch - 12ms/step
Epoch 49/100
70/70 - 1s - loss: 1.2775e-06 - 875ms/epoch - 12ms/step
Epoch 50/100
70/70 - 1s - loss: 1.1831e-06 - 866ms/epoch - 12ms/step
Epoch 51/100
70/70 - 1s - loss: 1.2971e-06 - 875ms/epoch - 12ms/step
Epoch 52/100
70/70 - 1s - loss: 1.7841e-06 - 861ms/epoch - 12ms/step
Epoch 53/100
70/70 - 1s - loss: 1.6131e-06 - 862ms/epoch - 12ms/step
Epoch 54/100
70/70 - 1s - loss: 7.3450e-07 - 863ms/epoch - 12ms/step
Epoch 55/100
70/70 - 1s - loss: 6.9221e-07 - 856ms/epoch - 12ms/step
Epoch 56/100
70/70 - 1s - loss: 4.7607e-07 - 860ms/epoch - 12ms/step
Epoch 57/100
70/70 - 1s - loss: 6.0333e-07 - 846ms/epoch - 12ms/step
Epoch 58/100
70/70 - 1s - loss: 4.1314e-07 - 853ms/epoch - 12ms/step
Epoch 59/100
70/70 - 1s - loss: 7.9937e-07 - 856ms/epoch - 12ms/step
Epoch 60/100
70/70 - 1s - loss: 9.3822e-07 - 833ms/epoch - 12ms/step
Epoch 61/100
70/70 - 1s - loss: 5.6307e-07 - 829ms/epoch - 12ms/step
Epoch 62/100
70/70 - 1s - loss: 5.9283e-07 - 831ms/epoch - 12ms/step
Epoch 63/100
70/70 - 1s - loss: 2.0090e-07 - 830ms/epoch - 12ms/step
Epoch 64/100
70/70 - 1s - loss: 3.2542e-07 - 832ms/epoch - 12ms/step
Epoch 65/100
70/70 - 1s - loss: 3.4301e-07 - 827ms/epoch - 12ms/step
Epoch 66/100
70/70 - 1s - loss: 3.8700e-07 - 826ms/epoch - 12ms/step
Epoch 67/100
70/70 - 1s - loss: 3.6446e-07 - 833ms/epoch - 12ms/step
Epoch 68/100
70/70 - 1s - loss: 2.1640e-07 - 841ms/epoch - 12ms/step
Epoch 69/100
70/70 - 1s - loss: 1.8379e-07 - 828ms/epoch - 12ms/step
Epoch 70/100
70/70 - 1s - loss: 8.5967e-08 - 829ms/epoch - 12ms/step
Epoch 71/100
70/70 - 1s - loss: 2.9893e-07 - 826ms/epoch - 12ms/step
Epoch 72/100
70/70 - 1s - loss: 4.5126e-07 - 829ms/epoch - 12ms/step
Epoch 73/100
70/70 - 1s - loss: 1.0822e-07 - 825ms/epoch - 12ms/step
Epoch 74/100
70/70 - 1s - loss: 1.4132e-07 - 829ms/epoch - 12ms/step
Epoch 75/100
70/70 - 1s - loss: 6.7940e-07 - 828ms/epoch - 12ms/step
Epoch 76/100
70/70 - 1s - loss: 1.8204e-07 - 827ms/epoch - 12ms/step
Epoch 77/100
70/70 - 1s - loss: 5.4445e-07 - 828ms/epoch - 12ms/step
Epoch 78/100
70/70 - 1s - loss: 2.9413e-07 - 828ms/epoch - 12ms/step
Epoch 79/100
70/70 - 1s - loss: 1.2372e-07 - 829ms/epoch - 12ms/step
Epoch 80/100
70/70 - 1s - loss: 7.4666e-07 - 830ms/epoch - 12ms/step
Epoch 81/100
70/70 - 1s - loss: 5.1844e-07 - 826ms/epoch - 12ms/step
Epoch 82/100
70/70 - 1s - loss: 3.5574e-07 - 826ms/epoch - 12ms/step
Epoch 83/100
70/70 - 1s - loss: 5.3891e-07 - 820ms/epoch - 12ms/step
Epoch 84/100
70/70 - 1s - loss: 2.7488e-07 - 823ms/epoch - 12ms/step
Epoch 85/100
70/70 - 1s - loss: 2.0162e-06 - 841ms/epoch - 12ms/step
Epoch 86/100
70/70 - 1s - loss: 8.0621e-08 - 842ms/epoch - 12ms/step
Epoch 87/100
70/70 - 1s - loss: 5.4930e-08 - 840ms/epoch - 12ms/step
Epoch 88/100
70/70 - 1s - loss: 2.1851e-08 - 854ms/epoch - 12ms/step
Epoch 89/100
70/70 - 1s - loss: 1.2650e-06 - 858ms/epoch - 12ms/step
Epoch 90/100
70/70 - 1s - loss: 3.9360e-07 - 851ms/epoch - 12ms/step
Epoch 91/100
70/70 - 1s - loss: 2.0012e-06 - 853ms/epoch - 12ms/step
Epoch 92/100
70/70 - 1s - loss: 4.6008e-07 - 848ms/epoch - 12ms/step
Epoch 93/100
70/70 - 1s - loss: 3.5459e-08 - 848ms/epoch - 12ms/step
Epoch 94/100
70/70 - 1s - loss: 2.7563e-08 - 849ms/epoch - 12ms/step
Epoch 95/100
70/70 - 1s - loss: 3.2678e-06 - 849ms/epoch - 12ms/step
Epoch 96/100
70/70 - 1s - loss: 1.2349e-07 - 848ms/epoch - 12ms/step
Epoch 97/100
70/70 - 1s - loss: 1.8232e-08 - 852ms/epoch - 12ms/step
Epoch 98/100
70/70 - 1s - loss: 1.2287e-08 - 858ms/epoch - 12ms/step
Epoch 99/100
70/70 - 1s - loss: 2.9387e-08 - 865ms/epoch - 12ms/step
Epoch 100/100
70/70 - 1s - loss: 4.3701e-06 - 855ms/epoch - 12ms/step
