Reading log traces ...      [DONE]
Analysing resource pool 20.0%...      Analysing resource pool 40.0%...      Analysing resource pool 60.0%...      Analysing resource pool 80.0%...      Analysing resource pool 100.0%...      [DONE]
Model: "model"
__________________________________________________________________________________________________
 Layer (type)                Output Shape                 Param #   Connected to                  
==================================================================================================
 activity (InputLayer)       [(None, 1)]                  0         []                            
                                                                                                  
 role (InputLayer)           [(None, 1)]                  0         []                            
                                                                                                  
 activity_embedding (Embedd  (None, 1, 5)                 140       ['activity[0][0]']            
 ing)                                                                                             
                                                                                                  
 role_embedding (Embedding)  (None, 1, 5)                 70        ['role[0][0]']                
                                                                                                  
 dot_product (Dot)           (None, 1, 1)                 0         ['activity_embedding[0][0]',  
                                                                     'role_embedding[0][0]']      
                                                                                                  
 reshape (Reshape)           (None, 1)                    0         ['dot_product[0][0]']         
                                                                                                  
==================================================================================================
Total params: 210 (840.00 Byte)
Trainable params: 210 (840.00 Byte)
Non-trainable params: 0 (0.00 Byte)
__________________________________________________________________________________________________
/gpfs/space/home/muhamm93/caise23/lstm_caise23_concatenated/model_training/embedding_training.py:67: UserWarning: `Model.fit_generator` is deprecated and will be removed in a future version. Please use `Model.fit`, which supports generators.
  model.fit_generator(gen, epochs=100,
Epoch 1/100
1023/1023 - 15s - loss: 0.0176 - 15s/epoch - 14ms/step
Epoch 2/100
1023/1023 - 14s - loss: 0.0060 - 14s/epoch - 13ms/step
Epoch 3/100
1023/1023 - 14s - loss: 0.0060 - 14s/epoch - 13ms/step
Epoch 4/100
1023/1023 - 14s - loss: 0.0060 - 14s/epoch - 13ms/step
Epoch 5/100
1023/1023 - 14s - loss: 0.0059 - 14s/epoch - 13ms/step
Epoch 6/100
1023/1023 - 14s - loss: 0.0058 - 14s/epoch - 13ms/step
Epoch 7/100
1023/1023 - 14s - loss: 0.0058 - 14s/epoch - 13ms/step
Epoch 8/100
1023/1023 - 13s - loss: 0.0058 - 13s/epoch - 13ms/step
Epoch 9/100
1023/1023 - 13s - loss: 0.0058 - 13s/epoch - 13ms/step
Epoch 10/100
1023/1023 - 14s - loss: 0.0058 - 14s/epoch - 14ms/step
Epoch 11/100
1023/1023 - 14s - loss: 0.0058 - 14s/epoch - 13ms/step
Epoch 12/100
1023/1023 - 14s - loss: 0.0058 - 14s/epoch - 14ms/step
Epoch 13/100
1023/1023 - 14s - loss: 0.0058 - 14s/epoch - 13ms/step
Epoch 14/100
1023/1023 - 14s - loss: 0.0058 - 14s/epoch - 13ms/step
Epoch 15/100
1023/1023 - 14s - loss: 0.0058 - 14s/epoch - 13ms/step
Epoch 16/100
1023/1023 - 14s - loss: 0.0058 - 14s/epoch - 14ms/step
Epoch 17/100
1023/1023 - 14s - loss: 0.0058 - 14s/epoch - 14ms/step
Epoch 18/100
1023/1023 - 14s - loss: 0.0058 - 14s/epoch - 13ms/step
Epoch 19/100
1023/1023 - 14s - loss: 0.0058 - 14s/epoch - 14ms/step
Epoch 20/100
1023/1023 - 14s - loss: 0.0058 - 14s/epoch - 14ms/step
Epoch 21/100
1023/1023 - 14s - loss: 0.0058 - 14s/epoch - 14ms/step
Epoch 22/100
1023/1023 - 14s - loss: 0.0058 - 14s/epoch - 14ms/step
Epoch 23/100
1023/1023 - 14s - loss: 0.0058 - 14s/epoch - 14ms/step
Epoch 24/100
1023/1023 - 14s - loss: 0.0058 - 14s/epoch - 14ms/step
Epoch 25/100
1023/1023 - 14s - loss: 0.0058 - 14s/epoch - 13ms/step
Epoch 26/100
1023/1023 - 14s - loss: 0.0058 - 14s/epoch - 14ms/step
Epoch 27/100
1023/1023 - 14s - loss: 0.0058 - 14s/epoch - 13ms/step
Epoch 28/100
1023/1023 - 15s - loss: 0.0058 - 15s/epoch - 15ms/step
Epoch 29/100
1023/1023 - 15s - loss: 0.0058 - 15s/epoch - 15ms/step
Epoch 30/100
1023/1023 - 14s - loss: 0.0058 - 14s/epoch - 14ms/step
Epoch 31/100
1023/1023 - 14s - loss: 0.0058 - 14s/epoch - 13ms/step
Epoch 32/100
1023/1023 - 14s - loss: 0.0058 - 14s/epoch - 14ms/step
Epoch 33/100
1023/1023 - 14s - loss: 0.0058 - 14s/epoch - 13ms/step
Epoch 34/100
1023/1023 - 14s - loss: 0.0058 - 14s/epoch - 14ms/step
Epoch 35/100
1023/1023 - 14s - loss: 0.0058 - 14s/epoch - 13ms/step
Epoch 36/100
1023/1023 - 14s - loss: 0.0058 - 14s/epoch - 13ms/step
Epoch 37/100
1023/1023 - 14s - loss: 0.0058 - 14s/epoch - 14ms/step
Epoch 38/100
1023/1023 - 14s - loss: 0.0058 - 14s/epoch - 13ms/step
Epoch 39/100
1023/1023 - 14s - loss: 0.0058 - 14s/epoch - 13ms/step
Epoch 40/100
1023/1023 - 14s - loss: 0.0058 - 14s/epoch - 14ms/step
Epoch 41/100
1023/1023 - 14s - loss: 0.0058 - 14s/epoch - 13ms/step
Epoch 42/100
1023/1023 - 14s - loss: 0.0058 - 14s/epoch - 14ms/step
Epoch 43/100
1023/1023 - 13s - loss: 0.0058 - 13s/epoch - 13ms/step
Epoch 44/100
1023/1023 - 14s - loss: 0.0058 - 14s/epoch - 13ms/step
Epoch 45/100
1023/1023 - 14s - loss: 0.0058 - 14s/epoch - 14ms/step
Epoch 46/100
1023/1023 - 13s - loss: 0.0058 - 13s/epoch - 13ms/step
Epoch 47/100
1023/1023 - 14s - loss: 0.0058 - 14s/epoch - 14ms/step
Epoch 48/100
1023/1023 - 13s - loss: 0.0058 - 13s/epoch - 13ms/step
Epoch 49/100
1023/1023 - 14s - loss: 0.0058 - 14s/epoch - 14ms/step
Epoch 50/100
1023/1023 - 13s - loss: 0.0058 - 13s/epoch - 13ms/step
Epoch 51/100
1023/1023 - 14s - loss: 0.0058 - 14s/epoch - 14ms/step
Epoch 52/100
1023/1023 - 14s - loss: 0.0058 - 14s/epoch - 14ms/step
Epoch 53/100
1023/1023 - 14s - loss: 0.0058 - 14s/epoch - 13ms/step
Epoch 54/100
1023/1023 - 14s - loss: 0.0058 - 14s/epoch - 14ms/step
Epoch 55/100
1023/1023 - 14s - loss: 0.0058 - 14s/epoch - 14ms/step
Epoch 56/100
1023/1023 - 14s - loss: 0.0058 - 14s/epoch - 14ms/step
Epoch 57/100
1023/1023 - 13s - loss: 0.0058 - 13s/epoch - 13ms/step
Epoch 58/100
1023/1023 - 14s - loss: 0.0058 - 14s/epoch - 14ms/step
Epoch 59/100
1023/1023 - 13s - loss: 0.0058 - 13s/epoch - 13ms/step
Epoch 60/100
1023/1023 - 14s - loss: 0.0058 - 14s/epoch - 14ms/step
Epoch 61/100
1023/1023 - 13s - loss: 0.0058 - 13s/epoch - 13ms/step
Epoch 62/100
1023/1023 - 14s - loss: 0.0058 - 14s/epoch - 13ms/step
Epoch 63/100
1023/1023 - 14s - loss: 0.0058 - 14s/epoch - 13ms/step
Epoch 64/100
1023/1023 - 14s - loss: 0.0058 - 14s/epoch - 13ms/step
Epoch 65/100
1023/1023 - 14s - loss: 0.0058 - 14s/epoch - 13ms/step
Epoch 66/100
1023/1023 - 14s - loss: 0.0058 - 14s/epoch - 13ms/step
Epoch 67/100
1023/1023 - 14s - loss: 0.0058 - 14s/epoch - 14ms/step
Epoch 68/100
1023/1023 - 13s - loss: 0.0058 - 13s/epoch - 13ms/step
Epoch 69/100
1023/1023 - 14s - loss: 0.0058 - 14s/epoch - 14ms/step
Epoch 70/100
1023/1023 - 13s - loss: 0.0058 - 13s/epoch - 13ms/step
Epoch 71/100
1023/1023 - 14s - loss: 0.0058 - 14s/epoch - 13ms/step
Epoch 72/100
1023/1023 - 14s - loss: 0.0058 - 14s/epoch - 13ms/step
Epoch 73/100
1023/1023 - 13s - loss: 0.0058 - 13s/epoch - 13ms/step
Epoch 74/100
1023/1023 - 13s - loss: 0.0058 - 13s/epoch - 13ms/step
Epoch 75/100
1023/1023 - 14s - loss: 0.0057 - 14s/epoch - 14ms/step
Epoch 76/100
1023/1023 - 14s - loss: 0.0058 - 14s/epoch - 14ms/step
Epoch 77/100
1023/1023 - 15s - loss: 0.0058 - 15s/epoch - 14ms/step
Epoch 78/100
1023/1023 - 15s - loss: 0.0058 - 15s/epoch - 15ms/step
Epoch 79/100
1023/1023 - 15s - loss: 0.0058 - 15s/epoch - 15ms/step
Epoch 80/100
1023/1023 - 14s - loss: 0.0058 - 14s/epoch - 14ms/step
Epoch 81/100
1023/1023 - 14s - loss: 0.0058 - 14s/epoch - 13ms/step
Epoch 82/100
1023/1023 - 14s - loss: 0.0058 - 14s/epoch - 14ms/step
Epoch 83/100
1023/1023 - 14s - loss: 0.0058 - 14s/epoch - 13ms/step
Epoch 84/100
1023/1023 - 14s - loss: 0.0058 - 14s/epoch - 14ms/step
Epoch 85/100
1023/1023 - 14s - loss: 0.0058 - 14s/epoch - 14ms/step
Epoch 86/100
1023/1023 - 14s - loss: 0.0058 - 14s/epoch - 14ms/step
Epoch 87/100
1023/1023 - 14s - loss: 0.0058 - 14s/epoch - 13ms/step
Epoch 88/100
1023/1023 - 14s - loss: 0.0057 - 14s/epoch - 13ms/step
Epoch 89/100
1023/1023 - 14s - loss: 0.0058 - 14s/epoch - 14ms/step
Epoch 90/100
1023/1023 - 14s - loss: 0.0058 - 14s/epoch - 14ms/step
Epoch 91/100
1023/1023 - 14s - loss: 0.0058 - 14s/epoch - 14ms/step
Epoch 92/100
1023/1023 - 14s - loss: 0.0058 - 14s/epoch - 13ms/step
Epoch 93/100
1023/1023 - 14s - loss: 0.0058 - 14s/epoch - 14ms/step
Epoch 94/100
1023/1023 - 14s - loss: 0.0058 - 14s/epoch - 13ms/step
Epoch 95/100
1023/1023 - 14s - loss: 0.0058 - 14s/epoch - 14ms/step
Epoch 96/100
1023/1023 - 14s - loss: 0.0058 - 14s/epoch - 13ms/step
Epoch 97/100
1023/1023 - 14s - loss: 0.0058 - 14s/epoch - 14ms/step
Epoch 98/100
1023/1023 - 14s - loss: 0.0058 - 14s/epoch - 14ms/step
Epoch 99/100
1023/1023 - 14s - loss: 0.0058 - 14s/epoch - 13ms/step
Epoch 100/100
1023/1023 - 14s - loss: 0.0058 - 14s/epoch - 13ms/step
