Reading log traces ...      [DONE]
Analysing resource pool 20.0%...      Analysing resource pool 40.0%...      Analysing resource pool 60.0%...      Analysing resource pool 80.0%...      Analysing resource pool 100.0%...      [DONE]
Model: "model"
__________________________________________________________________________________________________
 Layer (type)                Output Shape                 Param #   Connected to                  
==================================================================================================
 activity (InputLayer)       [(None, 1)]                  0         []                            
                                                                                                  
 role (InputLayer)           [(None, 1)]                  0         []                            
                                                                                                  
 activity_embedding (Embedd  (None, 1, 3)                 57        ['activity[0][0]']            
 ing)                                                                                             
                                                                                                  
 role_embedding (Embedding)  (None, 1, 3)                 12        ['role[0][0]']                
                                                                                                  
 dot_product (Dot)           (None, 1, 1)                 0         ['activity_embedding[0][0]',  
                                                                     'role_embedding[0][0]']      
                                                                                                  
 reshape (Reshape)           (None, 1)                    0         ['dot_product[0][0]']         
                                                                                                  
==================================================================================================
Total params: 69 (276.00 Byte)
Trainable params: 69 (276.00 Byte)
Non-trainable params: 0 (0.00 Byte)
__________________________________________________________________________________________________
/gpfs/space/home/muhamm93/caise23/lstm_caise23_concatenated/model_training/embedding_training.py:67: UserWarning: `Model.fit_generator` is deprecated and will be removed in a future version. Please use `Model.fit`, which supports generators.
  model.fit_generator(gen, epochs=100,
Epoch 1/100
55/55 - 1s - loss: 0.1731 - 1s/epoch - 22ms/step
Epoch 2/100
55/55 - 1s - loss: 0.0343 - 656ms/epoch - 12ms/step
Epoch 3/100
55/55 - 1s - loss: 0.0239 - 689ms/epoch - 13ms/step
Epoch 4/100
55/55 - 1s - loss: 0.0195 - 675ms/epoch - 12ms/step
Epoch 5/100
55/55 - 1s - loss: 0.0159 - 657ms/epoch - 12ms/step
Epoch 6/100
55/55 - 1s - loss: 0.0143 - 656ms/epoch - 12ms/step
Epoch 7/100
55/55 - 1s - loss: 0.0141 - 658ms/epoch - 12ms/step
Epoch 8/100
55/55 - 1s - loss: 0.0143 - 666ms/epoch - 12ms/step
Epoch 9/100
55/55 - 1s - loss: 0.0145 - 659ms/epoch - 12ms/step
Epoch 10/100
55/55 - 1s - loss: 0.0145 - 653ms/epoch - 12ms/step
Epoch 11/100
55/55 - 1s - loss: 0.0140 - 661ms/epoch - 12ms/step
Epoch 12/100
55/55 - 1s - loss: 0.0142 - 659ms/epoch - 12ms/step
Epoch 13/100
55/55 - 1s - loss: 0.0143 - 657ms/epoch - 12ms/step
Epoch 14/100
55/55 - 1s - loss: 0.0144 - 653ms/epoch - 12ms/step
Epoch 15/100
55/55 - 1s - loss: 0.0147 - 660ms/epoch - 12ms/step
Epoch 16/100
55/55 - 1s - loss: 0.0148 - 657ms/epoch - 12ms/step
Epoch 17/100
55/55 - 1s - loss: 0.0143 - 650ms/epoch - 12ms/step
Epoch 18/100
55/55 - 1s - loss: 0.0145 - 644ms/epoch - 12ms/step
Epoch 19/100
55/55 - 1s - loss: 0.0147 - 641ms/epoch - 12ms/step
Epoch 20/100
55/55 - 1s - loss: 0.0143 - 641ms/epoch - 12ms/step
Epoch 21/100
55/55 - 1s - loss: 0.0141 - 636ms/epoch - 12ms/step
Epoch 22/100
55/55 - 1s - loss: 0.0143 - 633ms/epoch - 12ms/step
Epoch 23/100
55/55 - 1s - loss: 0.0143 - 639ms/epoch - 12ms/step
Epoch 24/100
55/55 - 1s - loss: 0.0140 - 637ms/epoch - 12ms/step
Epoch 25/100
55/55 - 1s - loss: 0.0145 - 644ms/epoch - 12ms/step
Epoch 26/100
55/55 - 1s - loss: 0.0144 - 641ms/epoch - 12ms/step
Epoch 27/100
55/55 - 1s - loss: 0.0145 - 631ms/epoch - 11ms/step
Epoch 28/100
55/55 - 1s - loss: 0.0143 - 635ms/epoch - 12ms/step
Epoch 29/100
55/55 - 1s - loss: 0.0143 - 640ms/epoch - 12ms/step
Epoch 30/100
55/55 - 1s - loss: 0.0145 - 632ms/epoch - 11ms/step
Epoch 31/100
55/55 - 1s - loss: 0.0144 - 638ms/epoch - 12ms/step
Epoch 32/100
55/55 - 1s - loss: 0.0143 - 636ms/epoch - 12ms/step
Epoch 33/100
55/55 - 1s - loss: 0.0142 - 640ms/epoch - 12ms/step
Epoch 34/100
55/55 - 1s - loss: 0.0143 - 631ms/epoch - 11ms/step
Epoch 35/100
55/55 - 1s - loss: 0.0143 - 641ms/epoch - 12ms/step
Epoch 36/100
55/55 - 1s - loss: 0.0145 - 635ms/epoch - 12ms/step
Epoch 37/100
55/55 - 1s - loss: 0.0144 - 637ms/epoch - 12ms/step
Epoch 38/100
55/55 - 1s - loss: 0.0148 - 638ms/epoch - 12ms/step
Epoch 39/100
55/55 - 1s - loss: 0.0146 - 637ms/epoch - 12ms/step
Epoch 40/100
55/55 - 1s - loss: 0.0143 - 637ms/epoch - 12ms/step
Epoch 41/100
55/55 - 1s - loss: 0.0141 - 640ms/epoch - 12ms/step
Epoch 42/100
55/55 - 1s - loss: 0.0144 - 637ms/epoch - 12ms/step
Epoch 43/100
55/55 - 1s - loss: 0.0143 - 631ms/epoch - 11ms/step
Epoch 44/100
55/55 - 1s - loss: 0.0144 - 647ms/epoch - 12ms/step
Epoch 45/100
55/55 - 1s - loss: 0.0144 - 635ms/epoch - 12ms/step
Epoch 46/100
55/55 - 1s - loss: 0.0143 - 637ms/epoch - 12ms/step
Epoch 47/100
55/55 - 1s - loss: 0.0145 - 634ms/epoch - 12ms/step
Epoch 48/100
55/55 - 1s - loss: 0.0146 - 635ms/epoch - 12ms/step
Epoch 49/100
55/55 - 1s - loss: 0.0142 - 635ms/epoch - 12ms/step
Epoch 50/100
55/55 - 1s - loss: 0.0143 - 634ms/epoch - 12ms/step
Epoch 51/100
55/55 - 1s - loss: 0.0143 - 634ms/epoch - 12ms/step
Epoch 52/100
55/55 - 1s - loss: 0.0143 - 634ms/epoch - 12ms/step
Epoch 53/100
55/55 - 1s - loss: 0.0143 - 636ms/epoch - 12ms/step
Epoch 54/100
55/55 - 1s - loss: 0.0145 - 637ms/epoch - 12ms/step
Epoch 55/100
55/55 - 1s - loss: 0.0145 - 638ms/epoch - 12ms/step
Epoch 56/100
55/55 - 1s - loss: 0.0145 - 655ms/epoch - 12ms/step
Epoch 57/100
55/55 - 1s - loss: 0.0145 - 645ms/epoch - 12ms/step
Epoch 58/100
55/55 - 1s - loss: 0.0146 - 648ms/epoch - 12ms/step
Epoch 59/100
55/55 - 1s - loss: 0.0143 - 650ms/epoch - 12ms/step
Epoch 60/100
55/55 - 1s - loss: 0.0143 - 647ms/epoch - 12ms/step
Epoch 61/100
55/55 - 1s - loss: 0.0144 - 649ms/epoch - 12ms/step
Epoch 62/100
55/55 - 1s - loss: 0.0143 - 649ms/epoch - 12ms/step
Epoch 63/100
55/55 - 1s - loss: 0.0144 - 638ms/epoch - 12ms/step
Epoch 64/100
55/55 - 1s - loss: 0.0145 - 638ms/epoch - 12ms/step
Epoch 65/100
55/55 - 1s - loss: 0.0140 - 636ms/epoch - 12ms/step
Epoch 66/100
55/55 - 1s - loss: 0.0142 - 636ms/epoch - 12ms/step
Epoch 67/100
55/55 - 1s - loss: 0.0144 - 628ms/epoch - 11ms/step
Epoch 68/100
55/55 - 1s - loss: 0.0143 - 634ms/epoch - 12ms/step
Epoch 69/100
55/55 - 1s - loss: 0.0140 - 636ms/epoch - 12ms/step
Epoch 70/100
55/55 - 1s - loss: 0.0143 - 634ms/epoch - 12ms/step
Epoch 71/100
55/55 - 1s - loss: 0.0143 - 639ms/epoch - 12ms/step
Epoch 72/100
55/55 - 1s - loss: 0.0144 - 637ms/epoch - 12ms/step
Epoch 73/100
55/55 - 1s - loss: 0.0148 - 638ms/epoch - 12ms/step
Epoch 74/100
55/55 - 1s - loss: 0.0145 - 636ms/epoch - 12ms/step
Epoch 75/100
55/55 - 1s - loss: 0.0142 - 637ms/epoch - 12ms/step
Epoch 76/100
55/55 - 1s - loss: 0.0141 - 641ms/epoch - 12ms/step
Epoch 77/100
55/55 - 1s - loss: 0.0144 - 632ms/epoch - 11ms/step
Epoch 78/100
55/55 - 1s - loss: 0.0141 - 636ms/epoch - 12ms/step
Epoch 79/100
55/55 - 1s - loss: 0.0144 - 638ms/epoch - 12ms/step
Epoch 80/100
55/55 - 1s - loss: 0.0148 - 636ms/epoch - 12ms/step
Epoch 81/100
55/55 - 1s - loss: 0.0145 - 641ms/epoch - 12ms/step
Epoch 82/100
55/55 - 1s - loss: 0.0146 - 638ms/epoch - 12ms/step
Epoch 83/100
55/55 - 1s - loss: 0.0146 - 638ms/epoch - 12ms/step
Epoch 84/100
55/55 - 1s - loss: 0.0143 - 639ms/epoch - 12ms/step
Epoch 85/100
55/55 - 1s - loss: 0.0143 - 640ms/epoch - 12ms/step
Epoch 86/100
55/55 - 1s - loss: 0.0144 - 640ms/epoch - 12ms/step
Epoch 87/100
55/55 - 1s - loss: 0.0142 - 646ms/epoch - 12ms/step
Epoch 88/100
55/55 - 1s - loss: 0.0146 - 651ms/epoch - 12ms/step
Epoch 89/100
55/55 - 1s - loss: 0.0147 - 648ms/epoch - 12ms/step
Epoch 90/100
55/55 - 1s - loss: 0.0141 - 655ms/epoch - 12ms/step
Epoch 91/100
55/55 - 1s - loss: 0.0141 - 639ms/epoch - 12ms/step
Epoch 92/100
55/55 - 1s - loss: 0.0147 - 640ms/epoch - 12ms/step
Epoch 93/100
55/55 - 1s - loss: 0.0143 - 639ms/epoch - 12ms/step
Epoch 94/100
55/55 - 1s - loss: 0.0143 - 643ms/epoch - 12ms/step
Epoch 95/100
55/55 - 1s - loss: 0.0140 - 640ms/epoch - 12ms/step
Epoch 96/100
55/55 - 1s - loss: 0.0146 - 640ms/epoch - 12ms/step
Epoch 97/100
55/55 - 1s - loss: 0.0143 - 638ms/epoch - 12ms/step
Epoch 98/100
55/55 - 1s - loss: 0.0143 - 640ms/epoch - 12ms/step
Epoch 99/100
55/55 - 1s - loss: 0.0144 - 641ms/epoch - 12ms/step
Epoch 100/100
55/55 - 1s - loss: 0.0143 - 639ms/epoch - 12ms/step
