Reading log traces ...      [DONE]
Analysing resource pool 20.0%...      Analysing resource pool 40.0%...      Analysing resource pool 60.0%...      Analysing resource pool 80.0%...      Analysing resource pool 100.0%...      [DONE]
Model: "model"
__________________________________________________________________________________________________
 Layer (type)                Output Shape                 Param #   Connected to                  
==================================================================================================
 activity (InputLayer)       [(None, 1)]                  0         []                            
                                                                                                  
 role (InputLayer)           [(None, 1)]                  0         []                            
                                                                                                  
 activity_embedding (Embedd  (None, 1, 5)                 125       ['activity[0][0]']            
 ing)                                                                                             
                                                                                                  
 role_embedding (Embedding)  (None, 1, 5)                 60        ['role[0][0]']                
                                                                                                  
 dot_product (Dot)           (None, 1, 1)                 0         ['activity_embedding[0][0]',  
                                                                     'role_embedding[0][0]']      
                                                                                                  
 reshape (Reshape)           (None, 1)                    0         ['dot_product[0][0]']         
                                                                                                  
==================================================================================================
Total params: 185 (740.00 Byte)
Trainable params: 185 (740.00 Byte)
Non-trainable params: 0 (0.00 Byte)
__________________________________________________________________________________________________
/gpfs/space/home/muhamm93/caise23/lstm_caise23_concatenated/model_training/embedding_training.py:67: UserWarning: `Model.fit_generator` is deprecated and will be removed in a future version. Please use `Model.fit`, which supports generators.
  model.fit_generator(gen, epochs=100,
Epoch 1/100
118/118 - 2s - loss: 0.1085 - 2s/epoch - 19ms/step
Epoch 2/100
118/118 - 2s - loss: 0.0130 - 2s/epoch - 14ms/step
Epoch 3/100
118/118 - 2s - loss: 0.0114 - 2s/epoch - 14ms/step
Epoch 4/100
118/118 - 2s - loss: 0.0109 - 2s/epoch - 14ms/step
Epoch 5/100
118/118 - 2s - loss: 0.0104 - 2s/epoch - 14ms/step
Epoch 6/100
118/118 - 2s - loss: 0.0104 - 2s/epoch - 14ms/step
Epoch 7/100
118/118 - 2s - loss: 0.0102 - 2s/epoch - 14ms/step
Epoch 8/100
118/118 - 2s - loss: 0.0101 - 2s/epoch - 14ms/step
Epoch 9/100
118/118 - 2s - loss: 0.0100 - 2s/epoch - 13ms/step
Epoch 10/100
118/118 - 2s - loss: 0.0101 - 2s/epoch - 13ms/step
Epoch 11/100
118/118 - 2s - loss: 0.0101 - 2s/epoch - 13ms/step
Epoch 12/100
118/118 - 2s - loss: 0.0101 - 2s/epoch - 13ms/step
Epoch 13/100
118/118 - 1s - loss: 0.0100 - 1s/epoch - 12ms/step
Epoch 14/100
118/118 - 1s - loss: 0.0101 - 1s/epoch - 13ms/step
Epoch 15/100
118/118 - 1s - loss: 0.0101 - 1s/epoch - 13ms/step
Epoch 16/100
118/118 - 2s - loss: 0.0100 - 2s/epoch - 13ms/step
Epoch 17/100
118/118 - 2s - loss: 0.0101 - 2s/epoch - 13ms/step
Epoch 18/100
118/118 - 2s - loss: 0.0101 - 2s/epoch - 13ms/step
Epoch 19/100
118/118 - 2s - loss: 0.0100 - 2s/epoch - 13ms/step
Epoch 20/100
118/118 - 2s - loss: 0.0100 - 2s/epoch - 13ms/step
Epoch 21/100
118/118 - 2s - loss: 0.0100 - 2s/epoch - 13ms/step
Epoch 22/100
118/118 - 2s - loss: 0.0102 - 2s/epoch - 13ms/step
Epoch 23/100
118/118 - 2s - loss: 0.0100 - 2s/epoch - 13ms/step
Epoch 24/100
118/118 - 2s - loss: 0.0101 - 2s/epoch - 13ms/step
Epoch 25/100
118/118 - 2s - loss: 0.0101 - 2s/epoch - 13ms/step
Epoch 26/100
118/118 - 2s - loss: 0.0101 - 2s/epoch - 13ms/step
Epoch 27/100
118/118 - 2s - loss: 0.0099 - 2s/epoch - 13ms/step
Epoch 28/100
118/118 - 2s - loss: 0.0100 - 2s/epoch - 13ms/step
Epoch 29/100
118/118 - 2s - loss: 0.0101 - 2s/epoch - 13ms/step
Epoch 30/100
118/118 - 2s - loss: 0.0101 - 2s/epoch - 13ms/step
Epoch 31/100
118/118 - 2s - loss: 0.0101 - 2s/epoch - 13ms/step
Epoch 32/100
118/118 - 2s - loss: 0.0101 - 2s/epoch - 13ms/step
Epoch 33/100
118/118 - 2s - loss: 0.0102 - 2s/epoch - 14ms/step
Epoch 34/100
118/118 - 2s - loss: 0.0100 - 2s/epoch - 14ms/step
Epoch 35/100
118/118 - 2s - loss: 0.0100 - 2s/epoch - 14ms/step
Epoch 36/100
118/118 - 2s - loss: 0.0100 - 2s/epoch - 13ms/step
Epoch 37/100
118/118 - 2s - loss: 0.0101 - 2s/epoch - 13ms/step
Epoch 38/100
118/118 - 2s - loss: 0.0100 - 2s/epoch - 13ms/step
Epoch 39/100
118/118 - 2s - loss: 0.0102 - 2s/epoch - 13ms/step
Epoch 40/100
118/118 - 2s - loss: 0.0100 - 2s/epoch - 13ms/step
Epoch 41/100
118/118 - 2s - loss: 0.0100 - 2s/epoch - 13ms/step
Epoch 42/100
118/118 - 2s - loss: 0.0101 - 2s/epoch - 13ms/step
Epoch 43/100
118/118 - 2s - loss: 0.0100 - 2s/epoch - 13ms/step
Epoch 44/100
118/118 - 2s - loss: 0.0101 - 2s/epoch - 13ms/step
Epoch 45/100
118/118 - 2s - loss: 0.0102 - 2s/epoch - 13ms/step
Epoch 46/100
118/118 - 2s - loss: 0.0102 - 2s/epoch - 13ms/step
Epoch 47/100
118/118 - 2s - loss: 0.0101 - 2s/epoch - 13ms/step
Epoch 48/100
118/118 - 2s - loss: 0.0100 - 2s/epoch - 13ms/step
Epoch 49/100
118/118 - 2s - loss: 0.0101 - 2s/epoch - 13ms/step
Epoch 50/100
118/118 - 2s - loss: 0.0100 - 2s/epoch - 13ms/step
Epoch 51/100
118/118 - 2s - loss: 0.0100 - 2s/epoch - 13ms/step
Epoch 52/100
118/118 - 2s - loss: 0.0100 - 2s/epoch - 13ms/step
Epoch 53/100
118/118 - 2s - loss: 0.0101 - 2s/epoch - 14ms/step
Epoch 54/100
118/118 - 2s - loss: 0.0101 - 2s/epoch - 14ms/step
Epoch 55/100
118/118 - 2s - loss: 0.0101 - 2s/epoch - 14ms/step
Epoch 56/100
118/118 - 2s - loss: 0.0101 - 2s/epoch - 13ms/step
Epoch 57/100
118/118 - 2s - loss: 0.0102 - 2s/epoch - 13ms/step
Epoch 58/100
118/118 - 1s - loss: 0.0100 - 1s/epoch - 13ms/step
Epoch 59/100
118/118 - 1s - loss: 0.0100 - 1s/epoch - 13ms/step
Epoch 60/100
118/118 - 1s - loss: 0.0100 - 1s/epoch - 13ms/step
Epoch 61/100
118/118 - 1s - loss: 0.0101 - 1s/epoch - 13ms/step
Epoch 62/100
118/118 - 1s - loss: 0.0099 - 1s/epoch - 13ms/step
Epoch 63/100
118/118 - 1s - loss: 0.0101 - 1s/epoch - 13ms/step
Epoch 64/100
118/118 - 1s - loss: 0.0100 - 1s/epoch - 12ms/step
Epoch 65/100
118/118 - 2s - loss: 0.0101 - 2s/epoch - 13ms/step
Epoch 66/100
118/118 - 1s - loss: 0.0100 - 1s/epoch - 13ms/step
Epoch 67/100
118/118 - 2s - loss: 0.0099 - 2s/epoch - 13ms/step
Epoch 68/100
118/118 - 2s - loss: 0.0100 - 2s/epoch - 13ms/step
Epoch 69/100
118/118 - 1s - loss: 0.0100 - 1s/epoch - 13ms/step
Epoch 70/100
118/118 - 1s - loss: 0.0100 - 1s/epoch - 13ms/step
Epoch 71/100
118/118 - 2s - loss: 0.0102 - 2s/epoch - 14ms/step
Epoch 72/100
118/118 - 2s - loss: 0.0100 - 2s/epoch - 14ms/step
Epoch 73/100
118/118 - 2s - loss: 0.0100 - 2s/epoch - 14ms/step
Epoch 74/100
118/118 - 2s - loss: 0.0100 - 2s/epoch - 14ms/step
Epoch 75/100
118/118 - 2s - loss: 0.0100 - 2s/epoch - 13ms/step
Epoch 76/100
118/118 - 2s - loss: 0.0101 - 2s/epoch - 13ms/step
Epoch 77/100
118/118 - 2s - loss: 0.0101 - 2s/epoch - 13ms/step
Epoch 78/100
118/118 - 2s - loss: 0.0100 - 2s/epoch - 13ms/step
Epoch 79/100
118/118 - 2s - loss: 0.0101 - 2s/epoch - 13ms/step
Epoch 80/100
118/118 - 1s - loss: 0.0100 - 1s/epoch - 13ms/step
Epoch 81/100
118/118 - 1s - loss: 0.0101 - 1s/epoch - 13ms/step
Epoch 82/100
118/118 - 2s - loss: 0.0100 - 2s/epoch - 13ms/step
Epoch 83/100
118/118 - 2s - loss: 0.0100 - 2s/epoch - 13ms/step
Epoch 84/100
118/118 - 2s - loss: 0.0100 - 2s/epoch - 13ms/step
Epoch 85/100
118/118 - 1s - loss: 0.0100 - 1s/epoch - 13ms/step
Epoch 86/100
118/118 - 2s - loss: 0.0101 - 2s/epoch - 13ms/step
Epoch 87/100
118/118 - 2s - loss: 0.0100 - 2s/epoch - 13ms/step
Epoch 88/100
118/118 - 1s - loss: 0.0100 - 1s/epoch - 13ms/step
Epoch 89/100
118/118 - 1s - loss: 0.0101 - 1s/epoch - 13ms/step
Epoch 90/100
118/118 - 1s - loss: 0.0100 - 1s/epoch - 13ms/step
Epoch 91/100
118/118 - 2s - loss: 0.0100 - 2s/epoch - 14ms/step
Epoch 92/100
118/118 - 2s - loss: 0.0100 - 2s/epoch - 14ms/step
Epoch 93/100
118/118 - 2s - loss: 0.0099 - 2s/epoch - 14ms/step
Epoch 94/100
118/118 - 2s - loss: 0.0100 - 2s/epoch - 14ms/step
Epoch 95/100
118/118 - 2s - loss: 0.0101 - 2s/epoch - 13ms/step
Epoch 96/100
118/118 - 2s - loss: 0.0101 - 2s/epoch - 13ms/step
Epoch 97/100
118/118 - 2s - loss: 0.0100 - 2s/epoch - 13ms/step
Epoch 98/100
118/118 - 2s - loss: 0.0101 - 2s/epoch - 13ms/step
Epoch 99/100
118/118 - 1s - loss: 0.0101 - 1s/epoch - 13ms/step
Epoch 100/100
118/118 - 1s - loss: 0.0100 - 1s/epoch - 13ms/step
