Reading log traces ...      [DONE]
Analysing resource pool 20.0%...      Analysing resource pool 40.0%...      Analysing resource pool 60.0%...      Analysing resource pool 80.0%...      Analysing resource pool 100.0%...      [DONE]
Model: "model"
__________________________________________________________________________________________________
 Layer (type)                Output Shape                 Param #   Connected to                  
==================================================================================================
 activity (InputLayer)       [(None, 1)]                  0         []                            
                                                                                                  
 role (InputLayer)           [(None, 1)]                  0         []                            
                                                                                                  
 activity_embedding (Embedd  (None, 1, 3)                 18        ['activity[0][0]']            
 ing)                                                                                             
                                                                                                  
 role_embedding (Embedding)  (None, 1, 3)                 9         ['role[0][0]']                
                                                                                                  
 dot_product (Dot)           (None, 1, 1)                 0         ['activity_embedding[0][0]',  
                                                                     'role_embedding[0][0]']      
                                                                                                  
 reshape (Reshape)           (None, 1)                    0         ['dot_product[0][0]']         
                                                                                                  
==================================================================================================
Total params: 27 (108.00 Byte)
Trainable params: 27 (108.00 Byte)
Non-trainable params: 0 (0.00 Byte)
__________________________________________________________________________________________________
/gpfs/space/home/muhamm93/caise23/lstm_caise23_concatenated/model_training/embedding_training.py:67: UserWarning: `Model.fit_generator` is deprecated and will be removed in a future version. Please use `Model.fit`, which supports generators.
  model.fit_generator(gen, epochs=100,
Epoch 1/100
11/11 - 1s - loss: 0.1454 - 654ms/epoch - 59ms/step
Epoch 2/100
11/11 - 0s - loss: 0.0668 - 133ms/epoch - 12ms/step
Epoch 3/100
11/11 - 0s - loss: 0.0319 - 134ms/epoch - 12ms/step
Epoch 4/100
11/11 - 0s - loss: 0.0132 - 134ms/epoch - 12ms/step
Epoch 5/100
11/11 - 0s - loss: 0.0086 - 135ms/epoch - 12ms/step
Epoch 6/100
11/11 - 0s - loss: 0.0067 - 130ms/epoch - 12ms/step
Epoch 7/100
11/11 - 0s - loss: 0.0085 - 134ms/epoch - 12ms/step
Epoch 8/100
11/11 - 0s - loss: 0.0067 - 135ms/epoch - 12ms/step
Epoch 9/100
11/11 - 0s - loss: 0.0054 - 136ms/epoch - 12ms/step
Epoch 10/100
11/11 - 0s - loss: 0.0042 - 133ms/epoch - 12ms/step
Epoch 11/100
11/11 - 0s - loss: 0.0042 - 128ms/epoch - 12ms/step
Epoch 12/100
11/11 - 0s - loss: 0.0029 - 132ms/epoch - 12ms/step
Epoch 13/100
11/11 - 0s - loss: 0.0033 - 131ms/epoch - 12ms/step
Epoch 14/100
11/11 - 0s - loss: 0.0021 - 133ms/epoch - 12ms/step
Epoch 15/100
11/11 - 0s - loss: 0.0021 - 132ms/epoch - 12ms/step
Epoch 16/100
11/11 - 0s - loss: 0.0014 - 130ms/epoch - 12ms/step
Epoch 17/100
11/11 - 0s - loss: 8.9535e-04 - 130ms/epoch - 12ms/step
Epoch 18/100
11/11 - 0s - loss: 0.0011 - 130ms/epoch - 12ms/step
Epoch 19/100
11/11 - 0s - loss: 8.0755e-04 - 128ms/epoch - 12ms/step
Epoch 20/100
11/11 - 0s - loss: 6.6495e-04 - 132ms/epoch - 12ms/step
Epoch 21/100
11/11 - 0s - loss: 4.1453e-04 - 129ms/epoch - 12ms/step
Epoch 22/100
11/11 - 0s - loss: 4.8642e-04 - 131ms/epoch - 12ms/step
Epoch 23/100
11/11 - 0s - loss: 4.2888e-04 - 132ms/epoch - 12ms/step
Epoch 24/100
11/11 - 0s - loss: 2.7667e-04 - 127ms/epoch - 12ms/step
Epoch 25/100
11/11 - 0s - loss: 2.8669e-04 - 130ms/epoch - 12ms/step
Epoch 26/100
11/11 - 0s - loss: 2.2955e-04 - 129ms/epoch - 12ms/step
Epoch 27/100
11/11 - 0s - loss: 2.1845e-04 - 132ms/epoch - 12ms/step
Epoch 28/100
11/11 - 0s - loss: 2.5060e-04 - 129ms/epoch - 12ms/step
Epoch 29/100
11/11 - 0s - loss: 1.7203e-04 - 131ms/epoch - 12ms/step
Epoch 30/100
11/11 - 0s - loss: 1.9083e-04 - 129ms/epoch - 12ms/step
Epoch 31/100
11/11 - 0s - loss: 1.1829e-04 - 127ms/epoch - 12ms/step
Epoch 32/100
11/11 - 0s - loss: 1.5291e-04 - 130ms/epoch - 12ms/step
Epoch 33/100
11/11 - 0s - loss: 1.2355e-04 - 136ms/epoch - 12ms/step
Epoch 34/100
11/11 - 0s - loss: 1.0772e-04 - 131ms/epoch - 12ms/step
Epoch 35/100
11/11 - 0s - loss: 1.0093e-04 - 133ms/epoch - 12ms/step
Epoch 36/100
11/11 - 0s - loss: 1.1664e-04 - 127ms/epoch - 12ms/step
Epoch 37/100
11/11 - 0s - loss: 1.4288e-04 - 108ms/epoch - 10ms/step
Epoch 38/100
11/11 - 0s - loss: 6.9000e-05 - 130ms/epoch - 12ms/step
Epoch 39/100
11/11 - 0s - loss: 6.1376e-05 - 132ms/epoch - 12ms/step
Epoch 40/100
11/11 - 0s - loss: 8.7456e-05 - 131ms/epoch - 12ms/step
Epoch 41/100
11/11 - 0s - loss: 1.0519e-04 - 131ms/epoch - 12ms/step
Epoch 42/100
11/11 - 0s - loss: 7.7764e-05 - 134ms/epoch - 12ms/step
Epoch 43/100
11/11 - 0s - loss: 8.1059e-05 - 130ms/epoch - 12ms/step
Epoch 44/100
11/11 - 0s - loss: 7.4959e-05 - 130ms/epoch - 12ms/step
Epoch 45/100
11/11 - 0s - loss: 6.1682e-05 - 133ms/epoch - 12ms/step
Epoch 46/100
11/11 - 0s - loss: 5.3864e-05 - 132ms/epoch - 12ms/step
Epoch 47/100
11/11 - 0s - loss: 6.4330e-05 - 131ms/epoch - 12ms/step
Epoch 48/100
11/11 - 0s - loss: 4.4137e-05 - 137ms/epoch - 12ms/step
Epoch 49/100
11/11 - 0s - loss: 5.5958e-05 - 126ms/epoch - 11ms/step
Epoch 50/100
11/11 - 0s - loss: 3.9019e-05 - 130ms/epoch - 12ms/step
Epoch 51/100
11/11 - 0s - loss: 5.6962e-05 - 130ms/epoch - 12ms/step
Epoch 52/100
11/11 - 0s - loss: 5.7706e-05 - 132ms/epoch - 12ms/step
Epoch 53/100
11/11 - 0s - loss: 3.0005e-05 - 131ms/epoch - 12ms/step
Epoch 54/100
11/11 - 0s - loss: 4.5815e-05 - 128ms/epoch - 12ms/step
Epoch 55/100
11/11 - 0s - loss: 3.5492e-05 - 129ms/epoch - 12ms/step
Epoch 56/100
11/11 - 0s - loss: 2.4654e-05 - 132ms/epoch - 12ms/step
Epoch 57/100
11/11 - 0s - loss: 3.1246e-05 - 128ms/epoch - 12ms/step
Epoch 58/100
11/11 - 0s - loss: 3.3884e-05 - 133ms/epoch - 12ms/step
Epoch 59/100
11/11 - 0s - loss: 3.3184e-05 - 129ms/epoch - 12ms/step
Epoch 60/100
11/11 - 0s - loss: 4.2216e-05 - 136ms/epoch - 12ms/step
Epoch 61/100
11/11 - 0s - loss: 3.2368e-05 - 130ms/epoch - 12ms/step
Epoch 62/100
11/11 - 0s - loss: 2.3049e-05 - 128ms/epoch - 12ms/step
Epoch 63/100
11/11 - 0s - loss: 2.6976e-05 - 128ms/epoch - 12ms/step
Epoch 64/100
11/11 - 0s - loss: 1.2891e-05 - 130ms/epoch - 12ms/step
Epoch 65/100
11/11 - 0s - loss: 1.3134e-05 - 131ms/epoch - 12ms/step
Epoch 66/100
11/11 - 0s - loss: 1.3662e-05 - 130ms/epoch - 12ms/step
Epoch 67/100
11/11 - 0s - loss: 1.7771e-05 - 130ms/epoch - 12ms/step
Epoch 68/100
11/11 - 0s - loss: 1.9268e-05 - 130ms/epoch - 12ms/step
Epoch 69/100
11/11 - 0s - loss: 1.7516e-05 - 130ms/epoch - 12ms/step
Epoch 70/100
11/11 - 0s - loss: 2.2088e-05 - 130ms/epoch - 12ms/step
Epoch 71/100
11/11 - 0s - loss: 1.8650e-05 - 135ms/epoch - 12ms/step
Epoch 72/100
11/11 - 0s - loss: 9.1047e-06 - 130ms/epoch - 12ms/step
Epoch 73/100
11/11 - 0s - loss: 1.2553e-05 - 141ms/epoch - 13ms/step
Epoch 74/100
11/11 - 0s - loss: 1.3332e-05 - 130ms/epoch - 12ms/step
Epoch 75/100
11/11 - 0s - loss: 1.0207e-05 - 130ms/epoch - 12ms/step
Epoch 76/100
11/11 - 0s - loss: 1.1159e-05 - 128ms/epoch - 12ms/step
Epoch 77/100
11/11 - 0s - loss: 1.1800e-05 - 129ms/epoch - 12ms/step
Epoch 78/100
11/11 - 0s - loss: 9.2019e-06 - 132ms/epoch - 12ms/step
Epoch 79/100
11/11 - 0s - loss: 1.2208e-05 - 128ms/epoch - 12ms/step
Epoch 80/100
11/11 - 0s - loss: 1.0712e-05 - 132ms/epoch - 12ms/step
Epoch 81/100
11/11 - 0s - loss: 1.3091e-05 - 130ms/epoch - 12ms/step
Epoch 82/100
11/11 - 0s - loss: 1.7869e-05 - 127ms/epoch - 12ms/step
Epoch 83/100
11/11 - 0s - loss: 9.5845e-06 - 133ms/epoch - 12ms/step
Epoch 84/100
11/11 - 0s - loss: 8.3608e-06 - 135ms/epoch - 12ms/step
Epoch 85/100
11/11 - 0s - loss: 1.3465e-05 - 133ms/epoch - 12ms/step
Epoch 86/100
11/11 - 0s - loss: 1.1154e-05 - 135ms/epoch - 12ms/step
Epoch 87/100
11/11 - 0s - loss: 8.6564e-06 - 128ms/epoch - 12ms/step
Epoch 88/100
11/11 - 0s - loss: 1.0306e-05 - 132ms/epoch - 12ms/step
Epoch 89/100
11/11 - 0s - loss: 7.3270e-06 - 130ms/epoch - 12ms/step
Epoch 90/100
11/11 - 0s - loss: 9.4902e-06 - 132ms/epoch - 12ms/step
Epoch 91/100
11/11 - 0s - loss: 7.9151e-06 - 132ms/epoch - 12ms/step
Epoch 92/100
11/11 - 0s - loss: 1.0593e-05 - 129ms/epoch - 12ms/step
Epoch 93/100
11/11 - 0s - loss: 9.1421e-06 - 128ms/epoch - 12ms/step
Epoch 94/100
11/11 - 0s - loss: 6.5229e-06 - 128ms/epoch - 12ms/step
Epoch 95/100
11/11 - 0s - loss: 4.3849e-06 - 126ms/epoch - 11ms/step
Epoch 96/100
11/11 - 0s - loss: 8.1958e-06 - 126ms/epoch - 11ms/step
Epoch 97/100
11/11 - 0s - loss: 3.4846e-06 - 126ms/epoch - 11ms/step
Epoch 98/100
11/11 - 0s - loss: 4.7657e-06 - 126ms/epoch - 11ms/step
Epoch 99/100
11/11 - 0s - loss: 5.5048e-06 - 126ms/epoch - 11ms/step
Epoch 100/100
11/11 - 0s - loss: 4.9645e-06 - 125ms/epoch - 11ms/step
