Reading log traces ...      [DONE]
Analysing resource pool 20.0%...      Analysing resource pool 40.0%...      Analysing resource pool 60.0%...      Analysing resource pool 80.0%...      Analysing resource pool 100.0%...      [DONE]
Model: "model"
__________________________________________________________________________________________________
 Layer (type)                Output Shape                 Param #   Connected to                  
==================================================================================================
 activity (InputLayer)       [(None, 1)]                  0         []                            
                                                                                                  
 role (InputLayer)           [(None, 1)]                  0         []                            
                                                                                                  
 activity_embedding (Embedd  (None, 1, 5)                 130       ['activity[0][0]']            
 ing)                                                                                             
                                                                                                  
 role_embedding (Embedding)  (None, 1, 5)                 80        ['role[0][0]']                
                                                                                                  
 dot_product (Dot)           (None, 1, 1)                 0         ['activity_embedding[0][0]',  
                                                                     'role_embedding[0][0]']      
                                                                                                  
 reshape (Reshape)           (None, 1)                    0         ['dot_product[0][0]']         
                                                                                                  
==================================================================================================
Total params: 210 (840.00 Byte)
Trainable params: 210 (840.00 Byte)
Non-trainable params: 0 (0.00 Byte)
__________________________________________________________________________________________________
/gpfs/space/home/muhamm93/caise23/lstm_caise23_concatenated/model_training/embedding_training.py:67: UserWarning: `Model.fit_generator` is deprecated and will be removed in a future version. Please use `Model.fit`, which supports generators.
  model.fit_generator(gen, epochs=100,
Epoch 1/100
4/4 - 1s - loss: 0.4701 - 608ms/epoch - 152ms/step
Epoch 2/100
4/4 - 0s - loss: 0.3629 - 47ms/epoch - 12ms/step
Epoch 3/100
4/4 - 0s - loss: 0.2812 - 50ms/epoch - 12ms/step
Epoch 4/100
4/4 - 0s - loss: 0.2159 - 49ms/epoch - 12ms/step
Epoch 5/100
4/4 - 0s - loss: 0.1692 - 50ms/epoch - 13ms/step
Epoch 6/100
4/4 - 0s - loss: 0.1375 - 51ms/epoch - 13ms/step
Epoch 7/100
4/4 - 0s - loss: 0.1111 - 50ms/epoch - 12ms/step
Epoch 8/100
4/4 - 0s - loss: 0.0934 - 49ms/epoch - 12ms/step
Epoch 9/100
4/4 - 0s - loss: 0.0820 - 50ms/epoch - 13ms/step
Epoch 10/100
4/4 - 0s - loss: 0.0697 - 51ms/epoch - 13ms/step
Epoch 11/100
4/4 - 0s - loss: 0.0624 - 48ms/epoch - 12ms/step
Epoch 12/100
4/4 - 0s - loss: 0.0558 - 51ms/epoch - 13ms/step
Epoch 13/100
4/4 - 0s - loss: 0.0534 - 49ms/epoch - 12ms/step
Epoch 14/100
4/4 - 0s - loss: 0.0480 - 48ms/epoch - 12ms/step
Epoch 15/100
4/4 - 0s - loss: 0.0447 - 48ms/epoch - 12ms/step
Epoch 16/100
4/4 - 0s - loss: 0.0429 - 47ms/epoch - 12ms/step
Epoch 17/100
4/4 - 0s - loss: 0.0387 - 48ms/epoch - 12ms/step
Epoch 18/100
4/4 - 0s - loss: 0.0383 - 48ms/epoch - 12ms/step
Epoch 19/100
4/4 - 0s - loss: 0.0367 - 49ms/epoch - 12ms/step
Epoch 20/100
4/4 - 0s - loss: 0.0345 - 49ms/epoch - 12ms/step
Epoch 21/100
4/4 - 0s - loss: 0.0324 - 48ms/epoch - 12ms/step
Epoch 22/100
4/4 - 0s - loss: 0.0309 - 49ms/epoch - 12ms/step
Epoch 23/100
4/4 - 0s - loss: 0.0290 - 49ms/epoch - 12ms/step
Epoch 24/100
4/4 - 0s - loss: 0.0278 - 48ms/epoch - 12ms/step
Epoch 25/100
4/4 - 0s - loss: 0.0269 - 46ms/epoch - 11ms/step
Epoch 26/100
4/4 - 0s - loss: 0.0276 - 48ms/epoch - 12ms/step
Epoch 27/100
4/4 - 0s - loss: 0.0244 - 49ms/epoch - 12ms/step
Epoch 28/100
4/4 - 0s - loss: 0.0245 - 47ms/epoch - 12ms/step
Epoch 29/100
4/4 - 0s - loss: 0.0236 - 49ms/epoch - 12ms/step
Epoch 30/100
4/4 - 0s - loss: 0.0218 - 50ms/epoch - 12ms/step
Epoch 31/100
4/4 - 0s - loss: 0.0208 - 48ms/epoch - 12ms/step
Epoch 32/100
4/4 - 0s - loss: 0.0202 - 49ms/epoch - 12ms/step
Epoch 33/100
4/4 - 0s - loss: 0.0182 - 50ms/epoch - 12ms/step
Epoch 34/100
4/4 - 0s - loss: 0.0201 - 50ms/epoch - 12ms/step
Epoch 35/100
4/4 - 0s - loss: 0.0179 - 49ms/epoch - 12ms/step
Epoch 36/100
4/4 - 0s - loss: 0.0176 - 47ms/epoch - 12ms/step
Epoch 37/100
4/4 - 0s - loss: 0.0169 - 49ms/epoch - 12ms/step
Epoch 38/100
4/4 - 0s - loss: 0.0160 - 49ms/epoch - 12ms/step
Epoch 39/100
4/4 - 0s - loss: 0.0156 - 47ms/epoch - 12ms/step
Epoch 40/100
4/4 - 0s - loss: 0.0140 - 51ms/epoch - 13ms/step
Epoch 41/100
4/4 - 0s - loss: 0.0156 - 55ms/epoch - 14ms/step
Epoch 42/100
4/4 - 0s - loss: 0.0133 - 53ms/epoch - 13ms/step
Epoch 43/100
4/4 - 0s - loss: 0.0141 - 48ms/epoch - 12ms/step
Epoch 44/100
4/4 - 0s - loss: 0.0138 - 48ms/epoch - 12ms/step
Epoch 45/100
4/4 - 0s - loss: 0.0140 - 51ms/epoch - 13ms/step
Epoch 46/100
4/4 - 0s - loss: 0.0133 - 55ms/epoch - 14ms/step
Epoch 47/100
4/4 - 0s - loss: 0.0135 - 50ms/epoch - 12ms/step
Epoch 48/100
4/4 - 0s - loss: 0.0121 - 52ms/epoch - 13ms/step
Epoch 49/100
4/4 - 0s - loss: 0.0127 - 51ms/epoch - 13ms/step
Epoch 50/100
4/4 - 0s - loss: 0.0123 - 52ms/epoch - 13ms/step
Epoch 51/100
4/4 - 0s - loss: 0.0125 - 51ms/epoch - 13ms/step
Epoch 52/100
4/4 - 0s - loss: 0.0118 - 51ms/epoch - 13ms/step
Epoch 53/100
4/4 - 0s - loss: 0.0112 - 50ms/epoch - 13ms/step
Epoch 54/100
4/4 - 0s - loss: 0.0117 - 51ms/epoch - 13ms/step
Epoch 55/100
4/4 - 0s - loss: 0.0105 - 51ms/epoch - 13ms/step
Epoch 56/100
4/4 - 0s - loss: 0.0113 - 49ms/epoch - 12ms/step
Epoch 57/100
4/4 - 0s - loss: 0.0113 - 49ms/epoch - 12ms/step
Epoch 58/100
4/4 - 0s - loss: 0.0116 - 51ms/epoch - 13ms/step
Epoch 59/100
4/4 - 0s - loss: 0.0112 - 50ms/epoch - 13ms/step
Epoch 60/100
4/4 - 0s - loss: 0.0114 - 51ms/epoch - 13ms/step
Epoch 61/100
4/4 - 0s - loss: 0.0107 - 52ms/epoch - 13ms/step
Epoch 62/100
4/4 - 0s - loss: 0.0111 - 50ms/epoch - 12ms/step
Epoch 63/100
4/4 - 0s - loss: 0.0104 - 51ms/epoch - 13ms/step
Epoch 64/100
4/4 - 0s - loss: 0.0102 - 50ms/epoch - 13ms/step
Epoch 65/100
4/4 - 0s - loss: 0.0114 - 52ms/epoch - 13ms/step
Epoch 66/100
4/4 - 0s - loss: 0.0101 - 53ms/epoch - 13ms/step
Epoch 67/100
4/4 - 0s - loss: 0.0110 - 50ms/epoch - 13ms/step
Epoch 68/100
4/4 - 0s - loss: 0.0109 - 50ms/epoch - 13ms/step
Epoch 69/100
4/4 - 0s - loss: 0.0110 - 49ms/epoch - 12ms/step
Epoch 70/100
4/4 - 0s - loss: 0.0118 - 49ms/epoch - 12ms/step
Epoch 71/100
4/4 - 0s - loss: 0.0109 - 48ms/epoch - 12ms/step
Epoch 72/100
4/4 - 0s - loss: 0.0109 - 49ms/epoch - 12ms/step
Epoch 73/100
4/4 - 0s - loss: 0.0107 - 49ms/epoch - 12ms/step
Epoch 74/100
4/4 - 0s - loss: 0.0110 - 54ms/epoch - 14ms/step
Epoch 75/100
4/4 - 0s - loss: 0.0115 - 27ms/epoch - 7ms/step
Epoch 76/100
4/4 - 0s - loss: 0.0104 - 52ms/epoch - 13ms/step
Epoch 77/100
4/4 - 0s - loss: 0.0112 - 51ms/epoch - 13ms/step
Epoch 78/100
4/4 - 0s - loss: 0.0102 - 49ms/epoch - 12ms/step
Epoch 79/100
4/4 - 0s - loss: 0.0096 - 49ms/epoch - 12ms/step
Epoch 80/100
4/4 - 0s - loss: 0.0104 - 49ms/epoch - 12ms/step
Epoch 81/100
4/4 - 0s - loss: 0.0101 - 50ms/epoch - 12ms/step
Epoch 82/100
4/4 - 0s - loss: 0.0106 - 49ms/epoch - 12ms/step
Epoch 83/100
4/4 - 0s - loss: 0.0107 - 55ms/epoch - 14ms/step
Epoch 84/100
4/4 - 0s - loss: 0.0105 - 57ms/epoch - 14ms/step
Epoch 85/100
4/4 - 0s - loss: 0.0098 - 56ms/epoch - 14ms/step
Epoch 86/100
4/4 - 0s - loss: 0.0107 - 63ms/epoch - 16ms/step
Epoch 87/100
4/4 - 0s - loss: 0.0095 - 59ms/epoch - 15ms/step
Epoch 88/100
4/4 - 0s - loss: 0.0107 - 66ms/epoch - 16ms/step
Epoch 89/100
4/4 - 0s - loss: 0.0100 - 63ms/epoch - 16ms/step
Epoch 90/100
4/4 - 0s - loss: 0.0109 - 59ms/epoch - 15ms/step
Epoch 91/100
4/4 - 0s - loss: 0.0104 - 56ms/epoch - 14ms/step
Epoch 92/100
4/4 - 0s - loss: 0.0098 - 55ms/epoch - 14ms/step
Epoch 93/100
4/4 - 0s - loss: 0.0100 - 54ms/epoch - 14ms/step
Epoch 94/100
4/4 - 0s - loss: 0.0103 - 49ms/epoch - 12ms/step
Epoch 95/100
4/4 - 0s - loss: 0.0101 - 54ms/epoch - 13ms/step
Epoch 96/100
4/4 - 0s - loss: 0.0104 - 49ms/epoch - 12ms/step
Epoch 97/100
4/4 - 0s - loss: 0.0110 - 48ms/epoch - 12ms/step
Epoch 98/100
4/4 - 0s - loss: 0.0103 - 48ms/epoch - 12ms/step
Epoch 99/100
4/4 - 0s - loss: 0.0102 - 49ms/epoch - 12ms/step
Epoch 100/100
4/4 - 0s - loss: 0.0103 - 51ms/epoch - 13ms/step
 -- submit batches --
 -- submit batches --
 -- submit batches --
 -- submit batches --
 -- submit batches --
 -- submit batches --
 -- submit batches --
 -- submit batches --
 -- submit batches --
 -- submit batches --
 -- submit batches --
 -- submit batches --
 -- submit batches --
 -- submit batches --
 -- submit batches --
 -- submit batches --
 -- submit batches --
 -- submit batches --
 -- submit batches --
 -- submit batches --
 -- submit batches --
 -- submit batches --
 -- submit batches --
 -- submit batches --
 -- submit batches --
 -- submit batches --
 -- submit batches --
 -- submit batches --
 -- submit batches --
 -- submit batches --
 -- submit batches --
 -- submit batches --
 -- submit batches --
 -- submit batches --
 -- submit batches --
 -- submit batches --
 -- submit batches --
 -- submit batches --
 -- submit batches --
 -- submit batches --
 -- submit batches --
 -- submit batches --
 -- submit batches --
 -- submit batches --
 -- submit batches --
 -- submit batches --
 -- submit batches --
 -- submit batches --
 -- submit batches --
 -- submit batches --
