Reading log traces ...      [DONE]
Analysing resource pool 20.0%...      Analysing resource pool 40.0%...      Analysing resource pool 60.0%...      Analysing resource pool 80.0%...      Analysing resource pool 100.0%...      [DONE]
Model: "model"
__________________________________________________________________________________________________
 Layer (type)                Output Shape                 Param #   Connected to                  
==================================================================================================
 activity (InputLayer)       [(None, 1)]                  0         []                            
                                                                                                  
 role (InputLayer)           [(None, 1)]                  0         []                            
                                                                                                  
 activity_embedding (Embedd  (None, 1, 4)                 212       ['activity[0][0]']            
 ing)                                                                                             
                                                                                                  
 role_embedding (Embedding)  (None, 1, 4)                 16        ['role[0][0]']                
                                                                                                  
 dot_product (Dot)           (None, 1, 1)                 0         ['activity_embedding[0][0]',  
                                                                     'role_embedding[0][0]']      
                                                                                                  
 reshape (Reshape)           (None, 1)                    0         ['dot_product[0][0]']         
                                                                                                  
==================================================================================================
Total params: 228 (912.00 Byte)
Trainable params: 228 (912.00 Byte)
Non-trainable params: 0 (0.00 Byte)
__________________________________________________________________________________________________
/gpfs/space/home/muhamm93/caise23/lstm_caise23_concatenated/model_training/embedding_training.py:67: UserWarning: `Model.fit_generator` is deprecated and will be removed in a future version. Please use `Model.fit`, which supports generators.
  model.fit_generator(gen, epochs=100,
Epoch 1/100
62/62 - 1s - loss: 0.1539 - 1s/epoch - 21ms/step
Epoch 2/100
62/62 - 1s - loss: 0.0184 - 772ms/epoch - 12ms/step
Epoch 3/100
62/62 - 1s - loss: 0.0041 - 745ms/epoch - 12ms/step
Epoch 4/100
62/62 - 1s - loss: 0.0018 - 736ms/epoch - 12ms/step
Epoch 5/100
62/62 - 1s - loss: 0.0012 - 743ms/epoch - 12ms/step
Epoch 6/100
62/62 - 1s - loss: 0.0011 - 742ms/epoch - 12ms/step
Epoch 7/100
62/62 - 1s - loss: 7.2187e-04 - 740ms/epoch - 12ms/step
Epoch 8/100
62/62 - 1s - loss: 4.9646e-04 - 742ms/epoch - 12ms/step
Epoch 9/100
62/62 - 1s - loss: 4.4582e-04 - 743ms/epoch - 12ms/step
Epoch 10/100
62/62 - 1s - loss: 2.9065e-04 - 742ms/epoch - 12ms/step
Epoch 11/100
62/62 - 1s - loss: 2.5484e-04 - 736ms/epoch - 12ms/step
Epoch 12/100
62/62 - 1s - loss: 1.5189e-04 - 738ms/epoch - 12ms/step
Epoch 13/100
62/62 - 1s - loss: 1.0669e-04 - 738ms/epoch - 12ms/step
Epoch 14/100
62/62 - 1s - loss: 1.5385e-04 - 738ms/epoch - 12ms/step
Epoch 15/100
62/62 - 1s - loss: 7.0745e-05 - 740ms/epoch - 12ms/step
Epoch 16/100
62/62 - 1s - loss: 7.7250e-05 - 917ms/epoch - 15ms/step
Epoch 17/100
62/62 - 1s - loss: 7.2946e-05 - 754ms/epoch - 12ms/step
Epoch 18/100
62/62 - 1s - loss: 4.9462e-05 - 743ms/epoch - 12ms/step
Epoch 19/100
62/62 - 1s - loss: 4.6747e-05 - 737ms/epoch - 12ms/step
Epoch 20/100
62/62 - 1s - loss: 3.5237e-05 - 742ms/epoch - 12ms/step
Epoch 21/100
62/62 - 1s - loss: 3.2352e-05 - 759ms/epoch - 12ms/step
Epoch 22/100
62/62 - 1s - loss: 1.6730e-05 - 742ms/epoch - 12ms/step
Epoch 23/100
62/62 - 1s - loss: 1.4747e-05 - 741ms/epoch - 12ms/step
Epoch 24/100
62/62 - 1s - loss: 2.2666e-05 - 739ms/epoch - 12ms/step
Epoch 25/100
62/62 - 1s - loss: 2.4378e-05 - 744ms/epoch - 12ms/step
Epoch 26/100
62/62 - 1s - loss: 3.0881e-05 - 748ms/epoch - 12ms/step
Epoch 27/100
62/62 - 1s - loss: 2.3745e-05 - 740ms/epoch - 12ms/step
Epoch 28/100
62/62 - 1s - loss: 1.1387e-05 - 750ms/epoch - 12ms/step
Epoch 29/100
62/62 - 1s - loss: 9.4023e-06 - 760ms/epoch - 12ms/step
Epoch 30/100
62/62 - 1s - loss: 7.4685e-06 - 758ms/epoch - 12ms/step
Epoch 31/100
62/62 - 1s - loss: 1.1341e-05 - 759ms/epoch - 12ms/step
Epoch 32/100
62/62 - 1s - loss: 7.1435e-06 - 764ms/epoch - 12ms/step
Epoch 33/100
62/62 - 1s - loss: 7.2486e-06 - 767ms/epoch - 12ms/step
Epoch 34/100
62/62 - 1s - loss: 9.0257e-06 - 777ms/epoch - 13ms/step
Epoch 35/100
62/62 - 1s - loss: 6.8454e-06 - 775ms/epoch - 13ms/step
Epoch 36/100
62/62 - 1s - loss: 4.3451e-06 - 762ms/epoch - 12ms/step
Epoch 37/100
62/62 - 1s - loss: 4.1220e-06 - 769ms/epoch - 12ms/step
Epoch 38/100
62/62 - 1s - loss: 9.2480e-06 - 758ms/epoch - 12ms/step
Epoch 39/100
62/62 - 1s - loss: 2.0677e-06 - 765ms/epoch - 12ms/step
Epoch 40/100
62/62 - 1s - loss: 3.4096e-06 - 754ms/epoch - 12ms/step
Epoch 41/100
62/62 - 1s - loss: 3.8140e-06 - 746ms/epoch - 12ms/step
Epoch 42/100
62/62 - 1s - loss: 3.7633e-06 - 766ms/epoch - 12ms/step
Epoch 43/100
62/62 - 1s - loss: 1.7995e-06 - 761ms/epoch - 12ms/step
Epoch 44/100
62/62 - 1s - loss: 2.3713e-06 - 761ms/epoch - 12ms/step
Epoch 45/100
62/62 - 1s - loss: 4.4291e-06 - 770ms/epoch - 12ms/step
Epoch 46/100
62/62 - 1s - loss: 1.9443e-06 - 764ms/epoch - 12ms/step
Epoch 47/100
62/62 - 1s - loss: 2.1801e-06 - 759ms/epoch - 12ms/step
Epoch 48/100
62/62 - 1s - loss: 1.4927e-06 - 763ms/epoch - 12ms/step
Epoch 49/100
62/62 - 1s - loss: 1.8767e-06 - 767ms/epoch - 12ms/step
Epoch 50/100
62/62 - 1s - loss: 9.0171e-07 - 751ms/epoch - 12ms/step
Epoch 51/100
62/62 - 1s - loss: 2.9367e-06 - 759ms/epoch - 12ms/step
Epoch 52/100
62/62 - 1s - loss: 1.2375e-06 - 755ms/epoch - 12ms/step
Epoch 53/100
62/62 - 1s - loss: 1.7128e-06 - 762ms/epoch - 12ms/step
Epoch 54/100
62/62 - 1s - loss: 5.8551e-07 - 762ms/epoch - 12ms/step
Epoch 55/100
62/62 - 1s - loss: 1.3171e-06 - 770ms/epoch - 12ms/step
Epoch 56/100
62/62 - 1s - loss: 1.8299e-06 - 759ms/epoch - 12ms/step
Epoch 57/100
62/62 - 1s - loss: 1.7486e-06 - 760ms/epoch - 12ms/step
Epoch 58/100
62/62 - 1s - loss: 5.2144e-07 - 758ms/epoch - 12ms/step
Epoch 59/100
62/62 - 1s - loss: 1.0990e-06 - 754ms/epoch - 12ms/step
Epoch 60/100
62/62 - 1s - loss: 1.6620e-06 - 766ms/epoch - 12ms/step
Epoch 61/100
62/62 - 1s - loss: 6.5947e-07 - 756ms/epoch - 12ms/step
Epoch 62/100
62/62 - 1s - loss: 8.6670e-07 - 765ms/epoch - 12ms/step
Epoch 63/100
62/62 - 1s - loss: 3.5333e-07 - 753ms/epoch - 12ms/step
Epoch 64/100
62/62 - 1s - loss: 6.0071e-07 - 764ms/epoch - 12ms/step
Epoch 65/100
62/62 - 1s - loss: 1.0063e-06 - 759ms/epoch - 12ms/step
Epoch 66/100
62/62 - 1s - loss: 7.6747e-07 - 767ms/epoch - 12ms/step
Epoch 67/100
62/62 - 1s - loss: 5.4312e-07 - 763ms/epoch - 12ms/step
Epoch 68/100
62/62 - 1s - loss: 6.6391e-07 - 763ms/epoch - 12ms/step
Epoch 69/100
62/62 - 1s - loss: 1.7633e-06 - 751ms/epoch - 12ms/step
Epoch 70/100
62/62 - 1s - loss: 5.0693e-07 - 744ms/epoch - 12ms/step
Epoch 71/100
62/62 - 1s - loss: 5.5070e-07 - 733ms/epoch - 12ms/step
Epoch 72/100
62/62 - 1s - loss: 2.8825e-07 - 736ms/epoch - 12ms/step
Epoch 73/100
62/62 - 1s - loss: 7.9544e-08 - 735ms/epoch - 12ms/step
Epoch 74/100
62/62 - 1s - loss: 1.2550e-07 - 744ms/epoch - 12ms/step
Epoch 75/100
62/62 - 1s - loss: 1.4252e-06 - 744ms/epoch - 12ms/step
Epoch 76/100
62/62 - 1s - loss: 1.2353e-06 - 742ms/epoch - 12ms/step
Epoch 77/100
62/62 - 1s - loss: 4.5686e-07 - 742ms/epoch - 12ms/step
Epoch 78/100
62/62 - 1s - loss: 2.3708e-07 - 738ms/epoch - 12ms/step
Epoch 79/100
62/62 - 1s - loss: 3.1716e-07 - 743ms/epoch - 12ms/step
Epoch 80/100
62/62 - 1s - loss: 3.6156e-07 - 737ms/epoch - 12ms/step
Epoch 81/100
62/62 - 1s - loss: 6.0847e-08 - 742ms/epoch - 12ms/step
Epoch 82/100
62/62 - 1s - loss: 1.0553e-06 - 745ms/epoch - 12ms/step
Epoch 83/100
62/62 - 1s - loss: 3.0595e-07 - 739ms/epoch - 12ms/step
Epoch 84/100
62/62 - 1s - loss: 2.2106e-07 - 740ms/epoch - 12ms/step
Epoch 85/100
62/62 - 1s - loss: 3.0086e-06 - 738ms/epoch - 12ms/step
Epoch 86/100
62/62 - 1s - loss: 2.0788e-07 - 742ms/epoch - 12ms/step
Epoch 87/100
62/62 - 1s - loss: 3.4477e-08 - 739ms/epoch - 12ms/step
Epoch 88/100
62/62 - 1s - loss: 4.4364e-08 - 738ms/epoch - 12ms/step
Epoch 89/100
62/62 - 1s - loss: 5.1599e-08 - 738ms/epoch - 12ms/step
Epoch 90/100
62/62 - 1s - loss: 1.8649e-07 - 734ms/epoch - 12ms/step
Epoch 91/100
62/62 - 1s - loss: 1.9716e-06 - 737ms/epoch - 12ms/step
Epoch 92/100
62/62 - 1s - loss: 6.9349e-07 - 733ms/epoch - 12ms/step
Epoch 93/100
62/62 - 1s - loss: 1.1588e-07 - 737ms/epoch - 12ms/step
Epoch 94/100
62/62 - 1s - loss: 3.1023e-08 - 732ms/epoch - 12ms/step
Epoch 95/100
62/62 - 1s - loss: 1.8052e-08 - 735ms/epoch - 12ms/step
Epoch 96/100
62/62 - 1s - loss: 1.5441e-06 - 732ms/epoch - 12ms/step
Epoch 97/100
62/62 - 1s - loss: 6.0006e-07 - 733ms/epoch - 12ms/step
Epoch 98/100
62/62 - 1s - loss: 1.2014e-07 - 748ms/epoch - 12ms/step
Epoch 99/100
62/62 - 1s - loss: 1.7364e-07 - 758ms/epoch - 12ms/step
Epoch 100/100
62/62 - 1s - loss: 2.0557e-06 - 751ms/epoch - 12ms/step
